2024-07-20 20:09:04.658 INFO [main]com.example.demo.AppStartApplication.logStarting:55 -Starting AppStartApplication using Java 1.8.0_351 on wqq875620 with PID 9284 (D:\project\tumanager\Library-Management-System-master\SpringBoot\target\classes started by 86188 in D:\project\tumanager\Library-Management-System-master\SpringBoot)
2024-07-20 20:09:04.662 INFO [main]com.example.demo.AppStartApplication.logStartupProfileInfo:639 -The following profiles are active: dev
2024-07-20 20:09:05.366 INFO [main]o.s.d.repository.config.RepositoryConfigurationDelegate.multipleStoresDetected:262 -Multiple Spring Data modules found, entering strict repository configuration mode!
2024-07-20 20:09:05.369 INFO [main]o.s.d.repository.config.RepositoryConfigurationDelegate.registerRepositoriesIn:132 -Bootstrapping Spring Data Redis repositories in DEFAULT mode.
2024-07-20 20:09:05.387 INFO [main]o.s.d.repository.config.RepositoryConfigurationDelegate.registerRepositoriesIn:201 -Finished Spring Data repository scanning in 7 ms. Found 0 Redis repository interfaces.
2024-07-20 20:09:06.213 INFO [main]o.s.boot.web.embedded.tomcat.TomcatWebServer.initialize:108 -Tomcat initialized with port(s): 8086 (http)
2024-07-20 20:09:06.222 INFO [main]org.apache.coyote.http11.Http11NioProtocol.log:173 -Initializing ProtocolHandler ["http-nio-8086"]
2024-07-20 20:09:06.223 INFO [main]org.apache.catalina.core.StandardService.log:173 -Starting service [Tomcat]
2024-07-20 20:09:06.223 INFO [main]org.apache.catalina.core.StandardEngine.log:173 -Starting Servlet engine: [Apache Tomcat/9.0.55]
2024-07-20 20:09:06.294 INFO [main]o.a.c.c.C.[Tomcat].[localhost].[/booksmanager].log:173 -Initializing Spring embedded WebApplicationContext
2024-07-20 20:09:06.294 INFO [main]o.s.b.w.s.context.ServletWebServerApplicationContext.prepareWebApplicationContext:290 -Root WebApplicationContext: initialization completed in 1587 ms
2024-07-20 20:09:07.752 INFO [main]s.d.s.web.PropertySourcedRequestMappingHandlerMapping.initHandlerMethods:69 -Mapped URL path [/v2/api-docs] onto method [springfox.documentation.swagger2.web.Swagger2Controller#getDocumentation(String, HttpServletRequest)]
2024-07-20 20:09:08.221 INFO [main]org.apache.coyote.http11.Http11NioProtocol.log:173 -Starting ProtocolHandler ["http-nio-8086"]
2024-07-20 20:09:08.251 INFO [main]o.s.boot.web.embedded.tomcat.TomcatWebServer.start:220 -Tomcat started on port(s): 8086 (http) with context path '/booksmanager'
2024-07-20 20:09:08.252 INFO [main]s.d.spring.web.plugins.DocumentationPluginsBootstrapper.start:160 -Context refreshed
2024-07-20 20:09:08.276 INFO [main]s.d.spring.web.plugins.DocumentationPluginsBootstrapper.start:163 -Found 1 custom documentation plugin(s)
2024-07-20 20:09:08.318 INFO [main]s.d.spring.web.scanners.ApiListingReferenceScanner.scan:41 -Scanning for api listing references
2024-07-20 20:09:08.439 INFO [main]s.d.s.w.readers.operation.CachingOperationNameGenerator.startingWith:40 -Generating unique operation named: findPageUsingGET_1
2024-07-20 20:09:08.456 INFO [main]s.d.s.w.readers.operation.CachingOperationNameGenerator.startingWith:40 -Generating unique operation named: deleteUsingDELETE_1
2024-07-20 20:09:08.461 INFO [main]s.d.s.w.readers.operation.CachingOperationNameGenerator.startingWith:40 -Generating unique operation named: deleteRecordUsingPOST_1
2024-07-20 20:09:08.464 INFO [main]s.d.s.w.readers.operation.CachingOperationNameGenerator.startingWith:40 -Generating unique operation named: deleteRecordsUsingPOST_1
2024-07-20 20:09:08.466 INFO [main]s.d.s.w.readers.operation.CachingOperationNameGenerator.startingWith:40 -Generating unique operation named: findPageUsingGET_2
2024-07-20 20:09:08.468 INFO [main]s.d.s.w.readers.operation.CachingOperationNameGenerator.startingWith:40 -Generating unique operation named: saveUsingPOST_1
2024-07-20 20:09:08.469 INFO [main]s.d.s.w.readers.operation.CachingOperationNameGenerator.startingWith:40 -Generating unique operation named: updateUsingPUT_1
2024-07-20 20:09:08.472 INFO [main]s.d.s.w.readers.operation.CachingOperationNameGenerator.startingWith:40 -Generating unique operation named: update2UsingPUT_1
2024-07-20 20:09:08.478 INFO [main]s.d.s.w.readers.operation.CachingOperationNameGenerator.startingWith:40 -Generating unique operation named: deleteUsingDELETE_2
2024-07-20 20:09:08.481 INFO [main]s.d.s.w.readers.operation.CachingOperationNameGenerator.startingWith:40 -Generating unique operation named: deleteBatchUsingPOST_1
2024-07-20 20:09:08.483 INFO [main]s.d.s.w.readers.operation.CachingOperationNameGenerator.startingWith:40 -Generating unique operation named: findPageUsingGET_3
2024-07-20 20:09:08.496 INFO [main]s.d.s.w.readers.operation.CachingOperationNameGenerator.startingWith:40 -Generating unique operation named: registerUsingPOST_1
2024-07-20 20:09:08.498 INFO [main]s.d.s.w.readers.operation.CachingOperationNameGenerator.startingWith:40 -Generating unique operation named: saveUsingPOST_2
2024-07-20 20:09:08.501 INFO [main]s.d.s.w.readers.operation.CachingOperationNameGenerator.startingWith:40 -Generating unique operation named: updateUsingPUT_2
2024-07-20 20:09:08.503 INFO [main]s.d.s.w.readers.operation.CachingOperationNameGenerator.startingWith:40 -Generating unique operation named: updateUsingPUT_3
2024-07-20 20:09:08.504 INFO [main]s.d.s.w.readers.operation.CachingOperationNameGenerator.startingWith:40 -Generating unique operation named: updateUsingPUT_4
2024-07-20 20:09:08.520 INFO [main]com.example.demo.AppStartApplication.logStarted:61 -Started AppStartApplication in 4.318 seconds (JVM running for 4.667)
2024-07-20 20:09:38.431 INFO [http-nio-8086-exec-1]o.a.c.c.C.[Tomcat].[localhost].[/booksmanager].log:173 -Initializing Spring DispatcherServlet 'dispatcherServlet'
2024-07-20 20:09:38.432 INFO [http-nio-8086-exec-1]org.springframework.web.servlet.DispatcherServlet.initServletBean:525 -Initializing Servlet 'dispatcherServlet'
2024-07-20 20:09:38.433 INFO [http-nio-8086-exec-1]org.springframework.web.servlet.DispatcherServlet.initServletBean:547 -Completed initialization in 1 ms
2024-07-20 20:09:38.575 INFO [http-nio-8086-exec-1]com.example.demo.service.impl.UserServiceImpl22.register:26 -UserServiceImpl.register.inputParam={"address":"深圳市南山区粤海街道102号","nickName":"许仙","password":"12_45a","phone":"19888639987","role":0,"sex":"男","username":"许大大"}
2024-07-20 20:09:38.575 WARN [http-nio-8086-exec-1]com.example.demo.service.impl.UserServiceImpl22.register:27 -UserServiceImpl.register.inputParam={"address":"深圳市南山区粤海街道102号","nickName":"许仙","password":"12_45a","phone":"19888639987","role":0,"sex":"男","username":"许大大"}
2024-07-20 20:09:38.604 INFO [http-nio-8086-exec-1]com.zaxxer.hikari.HikariDataSource.getConnection:110 -HikariPool-1 - Starting...
2024-07-20 20:09:39.179 INFO [http-nio-8086-exec-1]com.zaxxer.hikari.HikariDataSource.getConnection:123 -HikariPool-1 - Start completed.
2024-07-20 20:10:27.476 INFO [SpringApplicationShutdownHook]com.zaxxer.hikari.HikariDataSource.close:350 -HikariPool-1 - Shutdown initiated...
2024-07-20 20:10:27.489 INFO [SpringApplicationShutdownHook]com.zaxxer.hikari.HikariDataSource.close:352 -HikariPool-1 - Shutdown completed.
2024-07-20 21:22:22.310 INFO [main]com.example.demo.AppStartApplication.logStarting:55 -Starting AppStartApplication using Java 1.8.0_351 on wqq875620 with PID 7184 (D:\project\tumanager\Library-Management-System-master\SpringBoot\target\classes started by 86188 in D:\project\tumanager\Library-Management-System-master\SpringBoot)
2024-07-20 21:22:22.313 INFO [main]com.example.demo.AppStartApplication.logStartupProfileInfo:639 -The following profiles are active: dev
2024-07-20 21:22:23.111 INFO [main]o.s.d.repository.config.RepositoryConfigurationDelegate.multipleStoresDetected:262 -Multiple Spring Data modules found, entering strict repository configuration mode!
2024-07-20 21:22:23.114 INFO [main]o.s.d.repository.config.RepositoryConfigurationDelegate.registerRepositoriesIn:132 -Bootstrapping Spring Data Redis repositories in DEFAULT mode.
2024-07-20 21:22:23.136 INFO [main]o.s.d.repository.config.RepositoryConfigurationDelegate.registerRepositoriesIn:201 -Finished Spring Data repository scanning in 9 ms. Found 0 Redis repository interfaces.
2024-07-20 21:22:24.041 INFO [main]o.s.boot.web.embedded.tomcat.TomcatWebServer.initialize:108 -Tomcat initialized with port(s): 8086 (http)
2024-07-20 21:22:24.050 INFO [main]org.apache.coyote.http11.Http11NioProtocol.log:173 -Initializing ProtocolHandler ["http-nio-8086"]
2024-07-20 21:22:24.050 INFO [main]org.apache.catalina.core.StandardService.log:173 -Starting service [Tomcat]
2024-07-20 21:22:24.050 INFO [main]org.apache.catalina.core.StandardEngine.log:173 -Starting Servlet engine: [Apache Tomcat/9.0.55]
2024-07-20 21:22:24.140 INFO [main]o.a.c.c.C.[Tomcat].[localhost].[/booksmanager].log:173 -Initializing Spring embedded WebApplicationContext
2024-07-20 21:22:24.140 INFO [main]o.s.b.w.s.context.ServletWebServerApplicationContext.prepareWebApplicationContext:290 -Root WebApplicationContext: initialization completed in 1777 ms
2024-07-20 21:22:25.649 INFO [main]s.d.s.web.PropertySourcedRequestMappingHandlerMapping.initHandlerMethods:69 -Mapped URL path [/v2/api-docs] onto method [springfox.documentation.swagger2.web.Swagger2Controller#getDocumentation(String, HttpServletRequest)]
2024-07-20 21:22:26.147 INFO [main]org.apache.coyote.http11.Http11NioProtocol.log:173 -Starting ProtocolHandler ["http-nio-8086"]
2024-07-20 21:22:26.183 INFO [main]o.s.boot.web.embedded.tomcat.TomcatWebServer.start:220 -Tomcat started on port(s): 8086 (http) with context path '/booksmanager'
2024-07-20 21:22:26.184 INFO [main]s.d.spring.web.plugins.DocumentationPluginsBootstrapper.start:160 -Context refreshed
2024-07-20 21:22:26.219 INFO [main]s.d.spring.web.plugins.DocumentationPluginsBootstrapper.start:163 -Found 1 custom documentation plugin(s)
2024-07-20 21:22:26.272 INFO [main]s.d.spring.web.scanners.ApiListingReferenceScanner.scan:41 -Scanning for api listing references
2024-07-20 21:22:26.409 INFO [main]s.d.s.w.readers.operation.CachingOperationNameGenerator.startingWith:40 -Generating unique operation named: findPageUsingGET_1
2024-07-20 21:22:26.423 INFO [main]s.d.s.w.readers.operation.CachingOperationNameGenerator.startingWith:40 -Generating unique operation named: deleteUsingDELETE_1
2024-07-20 21:22:26.427 INFO [main]s.d.s.w.readers.operation.CachingOperationNameGenerator.startingWith:40 -Generating unique operation named: deleteRecordUsingPOST_1
2024-07-20 21:22:26.429 INFO [main]s.d.s.w.readers.operation.CachingOperationNameGenerator.startingWith:40 -Generating unique operation named: deleteRecordsUsingPOST_1
2024-07-20 21:22:26.431 INFO [main]s.d.s.w.readers.operation.CachingOperationNameGenerator.startingWith:40 -Generating unique operation named: findPageUsingGET_2
2024-07-20 21:22:26.433 INFO [main]s.d.s.w.readers.operation.CachingOperationNameGenerator.startingWith:40 -Generating unique operation named: saveUsingPOST_1
2024-07-20 21:22:26.434 INFO [main]s.d.s.w.readers.operation.CachingOperationNameGenerator.startingWith:40 -Generating unique operation named: updateUsingPUT_1
2024-07-20 21:22:26.437 INFO [main]s.d.s.w.readers.operation.CachingOperationNameGenerator.startingWith:40 -Generating unique operation named: update2UsingPUT_1
2024-07-20 21:22:26.444 INFO [main]s.d.s.w.readers.operation.CachingOperationNameGenerator.startingWith:40 -Generating unique operation named: deleteUsingDELETE_2
2024-07-20 21:22:26.446 INFO [main]s.d.s.w.readers.operation.CachingOperationNameGenerator.startingWith:40 -Generating unique operation named: deleteBatchUsingPOST_1
2024-07-20 21:22:26.449 INFO [main]s.d.s.w.readers.operation.CachingOperationNameGenerator.startingWith:40 -Generating unique operation named: findPageUsingGET_3
2024-07-20 21:22:26.463 INFO [main]s.d.s.w.readers.operation.CachingOperationNameGenerator.startingWith:40 -Generating unique operation named: registerUsingPOST_1
2024-07-20 21:22:26.465 INFO [main]s.d.s.w.readers.operation.CachingOperationNameGenerator.startingWith:40 -Generating unique operation named: saveUsingPOST_2
2024-07-20 21:22:26.468 INFO [main]s.d.s.w.readers.operation.CachingOperationNameGenerator.startingWith:40 -Generating unique operation named: updateUsingPUT_2
2024-07-20 21:22:26.471 INFO [main]s.d.s.w.readers.operation.CachingOperationNameGenerator.startingWith:40 -Generating unique operation named: updateUsingPUT_3
2024-07-20 21:22:26.472 INFO [main]s.d.s.w.readers.operation.CachingOperationNameGenerator.startingWith:40 -Generating unique operation named: updateUsingPUT_4
2024-07-20 21:22:26.488 INFO [main]com.example.demo.AppStartApplication.logStarted:61 -Started AppStartApplication in 4.652 seconds (JVM running for 5.068)
2024-07-20 21:22:51.588 INFO [http-nio-8086-exec-1]o.a.c.c.C.[Tomcat].[localhost].[/booksmanager].log:173 -Initializing Spring DispatcherServlet 'dispatcherServlet'
2024-07-20 21:22:51.589 INFO [http-nio-8086-exec-1]org.springframework.web.servlet.DispatcherServlet.initServletBean:525 -Initializing Servlet 'dispatcherServlet'
2024-07-20 21:22:51.590 INFO [http-nio-8086-exec-1]org.springframework.web.servlet.DispatcherServlet.initServletBean:547 -Completed initialization in 1 ms
2024-07-20 21:22:51.717 WARN [http-nio-8086-exec-1]o.s.w.s.mvc.support.DefaultHandlerExceptionResolver.logException:208 -Resolved [org.springframework.http.converter.HttpMessageNotReadableException: JSON parse error: Unexpected character ('}' (code 125)): was expecting double-quote to start field name; nested exception is com.fasterxml.jackson.core.JsonParseException: Unexpected character ('}' (code 125)): was expecting double-quote to start field name<LF> at [Source: (PushbackInputStream); line: 10, column: 4]]
2024-07-20 21:23:06.687 WARN [http-nio-8086-exec-2]o.s.w.s.mvc.support.DefaultHandlerExceptionResolver.logException:208 -Resolved [org.springframework.http.converter.HttpMessageNotReadableException: JSON parse error: Unexpected character ('}' (code 125)): was expecting double-quote to start field name; nested exception is com.fasterxml.jackson.core.JsonParseException: Unexpected character ('}' (code 125)): was expecting double-quote to start field name<LF> at [Source: (PushbackInputStream); line: 10, column: 4]]
2024-07-20 21:23:10.506 WARN [http-nio-8086-exec-3]o.s.w.s.mvc.support.DefaultHandlerExceptionResolver.logException:208 -Resolved [org.springframework.http.converter.HttpMessageNotReadableException: JSON parse error: Unexpected character ('}' (code 125)): was expecting double-quote to start field name; nested exception is com.fasterxml.jackson.core.JsonParseException: Unexpected character ('}' (code 125)): was expecting double-quote to start field name<LF> at [Source: (PushbackInputStream); line: 10, column: 4]]
2024-07-20 21:23:25.811 WARN [http-nio-8086-exec-4]o.s.w.s.mvc.support.DefaultHandlerExceptionResolver.logException:208 -Resolved [org.springframework.http.converter.HttpMessageNotReadableException: JSON parse error: Unexpected character ('}' (code 125)): was expecting double-quote to start field name; nested exception is com.fasterxml.jackson.core.JsonParseException: Unexpected character ('}' (code 125)): was expecting double-quote to start field name<LF> at [Source: (PushbackInputStream); line: 10, column: 4]]
2024-07-20 21:23:34.608 INFO [http-nio-8086-exec-5]com.example.demo.service.impl.UserServiceImpl22.register:28 -UserServiceImpl.register.inputParam={"address":"深圳市南山区粤海街道102号","nickName":"许仙","password":"12_45a","phone":"19888639987","role":0,"sex":"男","username":"许大大"}
2024-07-20 21:23:34.803 INFO [http-nio-8086-exec-5]com.zaxxer.hikari.HikariDataSource.getConnection:110 -HikariPool-1 - Starting...
2024-07-20 21:23:36.057 INFO [http-nio-8086-exec-5]com.zaxxer.hikari.HikariDataSource.getConnection:123 -HikariPool-1 - Start completed.
2024-07-20 21:30:29.643 INFO [SpringApplicationShutdownHook]com.zaxxer.hikari.HikariDataSource.close:350 -HikariPool-1 - Shutdown initiated...
2024-07-20 21:30:29.653 INFO [SpringApplicationShutdownHook]com.zaxxer.hikari.HikariDataSource.close:352 -HikariPool-1 - Shutdown completed.
2024-07-20 22:05:22.707 INFO [main]com.example.demo.AppStartApplication.logStarting:55 -Starting AppStartApplication using Java 1.8.0_351 on wqq875620 with PID 7200 (D:\project\tumanager\Library-Management-System-master\SpringBoot\target\classes started by 86188 in D:\project\tumanager\Library-Management-System-master\SpringBoot)
2024-07-20 22:05:22.712 INFO [main]com.example.demo.AppStartApplication.logStartupProfileInfo:639 -The following profiles are active: dev
2024-07-20 22:05:23.559 INFO [main]o.s.d.repository.config.RepositoryConfigurationDelegate.multipleStoresDetected:262 -Multiple Spring Data modules found, entering strict repository configuration mode!
2024-07-20 22:05:23.561 INFO [main]o.s.d.repository.config.RepositoryConfigurationDelegate.registerRepositoriesIn:132 -Bootstrapping Spring Data Redis repositories in DEFAULT mode.
2024-07-20 22:05:23.581 INFO [main]o.s.d.repository.config.RepositoryConfigurationDelegate.registerRepositoriesIn:201 -Finished Spring Data repository scanning in 8 ms. Found 0 Redis repository interfaces.
2024-07-20 22:05:24.415 INFO [main]o.s.boot.web.embedded.tomcat.TomcatWebServer.initialize:108 -Tomcat initialized with port(s): 8086 (http)
2024-07-20 22:05:24.423 INFO [main]org.apache.coyote.http11.Http11NioProtocol.log:173 -Initializing ProtocolHandler ["http-nio-8086"]
2024-07-20 22:05:24.424 INFO [main]org.apache.catalina.core.StandardService.log:173 -Starting service [Tomcat]
2024-07-20 22:05:24.424 INFO [main]org.apache.catalina.core.StandardEngine.log:173 -Starting Servlet engine: [Apache Tomcat/9.0.55]
2024-07-20 22:05:24.496 INFO [main]o.a.c.c.C.[Tomcat].[localhost].[/booksmanager].log:173 -Initializing Spring embedded WebApplicationContext
2024-07-20 22:05:24.496 INFO [main]o.s.b.w.s.context.ServletWebServerApplicationContext.prepareWebApplicationContext:290 -Root WebApplicationContext: initialization completed in 1736 ms
2024-07-20 22:05:25.740 WARN [main]o.s.b.w.s.c.AnnotationConfigServletWebServerApplicationContext.refresh:591 -Exception encountered during context initialization - cancelling refresh attempt: org.springframework.beans.factory.UnsatisfiedDependencyException: Error creating bean with name 'userController': Unsatisfied dependency expressed through field 'userService'; nested exception is org.springframework.beans.factory.BeanCreationException: Error creating bean with name 'userServiceImpl': Injection of resource dependencies failed; nested exception is org.springframework.beans.factory.BeanNotOfRequiredTypeException: Bean named 'redisTemplate' is expected to be of type 'org.springframework.data.redis.core.StringRedisTemplate' but was actually of type 'org.springframework.data.redis.core.RedisTemplate'
2024-07-20 22:05:25.767 INFO [main]org.apache.catalina.core.StandardService.log:173 -Stopping service [Tomcat]
2024-07-20 22:05:25.777 INFO [main]o.s.b.a.logging.ConditionEvaluationReportLoggingListener.logMessage:136 -

Error starting ApplicationContext. To display the conditions report re-run your application with 'debug' enabled.
2024-07-20 22:06:04.121 INFO [main]com.example.demo.AppStartApplication.logStarting:55 -Starting AppStartApplication using Java 1.8.0_351 on wqq875620 with PID 8424 (D:\project\tumanager\Library-Management-System-master\SpringBoot\target\classes started by 86188 in D:\project\tumanager\Library-Management-System-master\SpringBoot)
2024-07-20 22:06:04.124 INFO [main]com.example.demo.AppStartApplication.logStartupProfileInfo:639 -The following profiles are active: dev
2024-07-20 22:06:04.888 INFO [main]o.s.d.repository.config.RepositoryConfigurationDelegate.multipleStoresDetected:262 -Multiple Spring Data modules found, entering strict repository configuration mode!
2024-07-20 22:06:04.890 INFO [main]o.s.d.repository.config.RepositoryConfigurationDelegate.registerRepositoriesIn:132 -Bootstrapping Spring Data Redis repositories in DEFAULT mode.
2024-07-20 22:06:04.910 INFO [main]o.s.d.repository.config.RepositoryConfigurationDelegate.registerRepositoriesIn:201 -Finished Spring Data repository scanning in 7 ms. Found 0 Redis repository interfaces.
2024-07-20 22:06:05.725 INFO [main]o.s.boot.web.embedded.tomcat.TomcatWebServer.initialize:108 -Tomcat initialized with port(s): 8086 (http)
2024-07-20 22:06:05.733 INFO [main]org.apache.coyote.http11.Http11NioProtocol.log:173 -Initializing ProtocolHandler ["http-nio-8086"]
2024-07-20 22:06:05.734 INFO [main]org.apache.catalina.core.StandardService.log:173 -Starting service [Tomcat]
2024-07-20 22:06:05.734 INFO [main]org.apache.catalina.core.StandardEngine.log:173 -Starting Servlet engine: [Apache Tomcat/9.0.55]
2024-07-20 22:06:05.806 INFO [main]o.a.c.c.C.[Tomcat].[localhost].[/booksmanager].log:173 -Initializing Spring embedded WebApplicationContext
2024-07-20 22:06:05.806 INFO [main]o.s.b.w.s.context.ServletWebServerApplicationContext.prepareWebApplicationContext:290 -Root WebApplicationContext: initialization completed in 1634 ms
2024-07-20 22:06:07.306 INFO [main]s.d.s.web.PropertySourcedRequestMappingHandlerMapping.initHandlerMethods:69 -Mapped URL path [/v2/api-docs] onto method [springfox.documentation.swagger2.web.Swagger2Controller#getDocumentation(String, HttpServletRequest)]
2024-07-20 22:06:07.803 INFO [main]org.apache.coyote.http11.Http11NioProtocol.log:173 -Starting ProtocolHandler ["http-nio-8086"]
2024-07-20 22:06:07.837 INFO [main]o.s.boot.web.embedded.tomcat.TomcatWebServer.start:220 -Tomcat started on port(s): 8086 (http) with context path '/booksmanager'
2024-07-20 22:06:07.838 INFO [main]s.d.spring.web.plugins.DocumentationPluginsBootstrapper.start:160 -Context refreshed
2024-07-20 22:06:07.870 INFO [main]s.d.spring.web.plugins.DocumentationPluginsBootstrapper.start:163 -Found 1 custom documentation plugin(s)
2024-07-20 22:06:07.924 INFO [main]s.d.spring.web.scanners.ApiListingReferenceScanner.scan:41 -Scanning for api listing references
2024-07-20 22:06:08.062 INFO [main]s.d.s.w.readers.operation.CachingOperationNameGenerator.startingWith:40 -Generating unique operation named: findPageUsingGET_1
2024-07-20 22:06:08.076 INFO [main]s.d.s.w.readers.operation.CachingOperationNameGenerator.startingWith:40 -Generating unique operation named: deleteUsingDELETE_1
2024-07-20 22:06:08.080 INFO [main]s.d.s.w.readers.operation.CachingOperationNameGenerator.startingWith:40 -Generating unique operation named: deleteRecordUsingPOST_1
2024-07-20 22:06:08.082 INFO [main]s.d.s.w.readers.operation.CachingOperationNameGenerator.startingWith:40 -Generating unique operation named: deleteRecordsUsingPOST_1
2024-07-20 22:06:08.085 INFO [main]s.d.s.w.readers.operation.CachingOperationNameGenerator.startingWith:40 -Generating unique operation named: findPageUsingGET_2
2024-07-20 22:06:08.086 INFO [main]s.d.s.w.readers.operation.CachingOperationNameGenerator.startingWith:40 -Generating unique operation named: saveUsingPOST_1
2024-07-20 22:06:08.087 INFO [main]s.d.s.w.readers.operation.CachingOperationNameGenerator.startingWith:40 -Generating unique operation named: updateUsingPUT_1
2024-07-20 22:06:08.091 INFO [main]s.d.s.w.readers.operation.CachingOperationNameGenerator.startingWith:40 -Generating unique operation named: update2UsingPUT_1
2024-07-20 22:06:08.094 INFO [main]s.d.s.w.readers.operation.CachingOperationNameGenerator.startingWith:40 -Generating unique operation named: deleteBatchUsingPOST_1
2024-07-20 22:06:08.096 INFO [main]s.d.s.w.readers.operation.CachingOperationNameGenerator.startingWith:40 -Generating unique operation named: findPageUsingGET_3
2024-07-20 22:06:08.110 INFO [main]s.d.s.w.readers.operation.CachingOperationNameGenerator.startingWith:40 -Generating unique operation named: registerUsingPOST_1
2024-07-20 22:06:08.112 INFO [main]s.d.s.w.readers.operation.CachingOperationNameGenerator.startingWith:40 -Generating unique operation named: updateUsingPUT_2
2024-07-20 22:06:08.115 INFO [main]s.d.s.w.readers.operation.CachingOperationNameGenerator.startingWith:40 -Generating unique operation named: updateUsingPUT_3
2024-07-20 22:06:08.116 INFO [main]s.d.s.w.readers.operation.CachingOperationNameGenerator.startingWith:40 -Generating unique operation named: updateUsingPUT_4
2024-07-20 22:06:08.131 INFO [main]com.example.demo.AppStartApplication.logStarted:61 -Started AppStartApplication in 4.473 seconds (JVM running for 4.852)
2024-07-20 22:06:27.909 INFO [http-nio-8086-exec-1]o.a.c.c.C.[Tomcat].[localhost].[/booksmanager].log:173 -Initializing Spring DispatcherServlet 'dispatcherServlet'
2024-07-20 22:06:27.909 INFO [http-nio-8086-exec-1]org.springframework.web.servlet.DispatcherServlet.initServletBean:525 -Initializing Servlet 'dispatcherServlet'
2024-07-20 22:06:27.911 INFO [http-nio-8086-exec-1]org.springframework.web.servlet.DispatcherServlet.initServletBean:547 -Completed initialization in 2 ms
2024-07-20 22:06:28.229 INFO [http-nio-8086-exec-1]com.example.demo.service.impl.UserServiceImpl22.register:35 -UserServiceImpl.register.inputParam={"address":"深圳市南山区粤海街道102号","nickName":"许仙","password":"12_45","phone":"19888639987","role":0,"sex":"男","username":"许大大"}
2024-07-20 22:06:58.990 INFO [http-nio-8086-exec-2]com.example.demo.service.impl.UserServiceImpl22.register:35 -UserServiceImpl.register.inputParam={"address":"深圳市南山区粤海街道102号","nickName":"许仙","password":"12_458u","phone":"19888639987","role":0,"sex":"男","username":"uhuh"}
2024-07-20 22:07:16.934 INFO [http-nio-8086-exec-3]com.example.demo.service.impl.UserServiceImpl22.register:35 -UserServiceImpl.register.inputParam={"address":"深圳市南山区粤海街道102号","nickName":"许仙","password":"12_458u","phone":"19888639987","role":0,"sex":"男","username":"yrhhruu"}
2024-07-20 22:07:17.291 INFO [http-nio-8086-exec-3]com.zaxxer.hikari.HikariDataSource.getConnection:110 -HikariPool-1 - Starting...
2024-07-20 22:07:18.477 INFO [http-nio-8086-exec-3]com.zaxxer.hikari.HikariDataSource.getConnection:123 -HikariPool-1 - Start completed.
2024-07-20 22:14:03.785 INFO [main]com.example.demo.AppStartApplication.logStarting:55 -Starting AppStartApplication using Java 1.8.0_351 on wqq875620 with PID 10588 (D:\project\tumanager\Library-Management-System-master\SpringBoot\target\classes started by 86188 in D:\project\tumanager\Library-Management-System-master\SpringBoot)
2024-07-20 22:14:03.788 INFO [main]com.example.demo.AppStartApplication.logStartupProfileInfo:639 -The following profiles are active: dev
2024-07-20 22:14:04.552 INFO [main]o.s.d.repository.config.RepositoryConfigurationDelegate.multipleStoresDetected:262 -Multiple Spring Data modules found, entering strict repository configuration mode!
2024-07-20 22:14:04.554 INFO [main]o.s.d.repository.config.RepositoryConfigurationDelegate.registerRepositoriesIn:132 -Bootstrapping Spring Data Redis repositories in DEFAULT mode.
2024-07-20 22:14:04.573 INFO [main]o.s.d.repository.config.RepositoryConfigurationDelegate.registerRepositoriesIn:201 -Finished Spring Data repository scanning in 7 ms. Found 0 Redis repository interfaces.
2024-07-20 22:14:05.403 INFO [main]o.s.boot.web.embedded.tomcat.TomcatWebServer.initialize:108 -Tomcat initialized with port(s): 8086 (http)
2024-07-20 22:14:05.411 INFO [main]org.apache.coyote.http11.Http11NioProtocol.log:173 -Initializing ProtocolHandler ["http-nio-8086"]
2024-07-20 22:14:05.412 INFO [main]org.apache.catalina.core.StandardService.log:173 -Starting service [Tomcat]
2024-07-20 22:14:05.412 INFO [main]org.apache.catalina.core.StandardEngine.log:173 -Starting Servlet engine: [Apache Tomcat/9.0.55]
2024-07-20 22:14:05.490 INFO [main]o.a.c.c.C.[Tomcat].[localhost].[/booksmanager].log:173 -Initializing Spring embedded WebApplicationContext
2024-07-20 22:14:05.490 INFO [main]o.s.b.w.s.context.ServletWebServerApplicationContext.prepareWebApplicationContext:290 -Root WebApplicationContext: initialization completed in 1656 ms
2024-07-20 22:14:07.110 INFO [main]s.d.s.web.PropertySourcedRequestMappingHandlerMapping.initHandlerMethods:69 -Mapped URL path [/v2/api-docs] onto method [springfox.documentation.swagger2.web.Swagger2Controller#getDocumentation(String, HttpServletRequest)]
2024-07-20 22:14:07.632 INFO [main]org.apache.coyote.http11.Http11NioProtocol.log:173 -Starting ProtocolHandler ["http-nio-8086"]
2024-07-20 22:14:07.664 INFO [main]o.s.boot.web.embedded.tomcat.TomcatWebServer.start:220 -Tomcat started on port(s): 8086 (http) with context path '/booksmanager'
2024-07-20 22:14:07.665 INFO [main]s.d.spring.web.plugins.DocumentationPluginsBootstrapper.start:160 -Context refreshed
2024-07-20 22:14:07.689 INFO [main]s.d.spring.web.plugins.DocumentationPluginsBootstrapper.start:163 -Found 1 custom documentation plugin(s)
2024-07-20 22:14:07.728 INFO [main]s.d.spring.web.scanners.ApiListingReferenceScanner.scan:41 -Scanning for api listing references
2024-07-20 22:14:07.871 INFO [main]s.d.s.w.readers.operation.CachingOperationNameGenerator.startingWith:40 -Generating unique operation named: findPageUsingGET_1
2024-07-20 22:14:07.887 INFO [main]s.d.s.w.readers.operation.CachingOperationNameGenerator.startingWith:40 -Generating unique operation named: deleteUsingDELETE_1
2024-07-20 22:14:07.891 INFO [main]s.d.s.w.readers.operation.CachingOperationNameGenerator.startingWith:40 -Generating unique operation named: deleteRecordUsingPOST_1
2024-07-20 22:14:07.893 INFO [main]s.d.s.w.readers.operation.CachingOperationNameGenerator.startingWith:40 -Generating unique operation named: deleteRecordsUsingPOST_1
2024-07-20 22:14:07.896 INFO [main]s.d.s.w.readers.operation.CachingOperationNameGenerator.startingWith:40 -Generating unique operation named: findPageUsingGET_2
2024-07-20 22:14:07.898 INFO [main]s.d.s.w.readers.operation.CachingOperationNameGenerator.startingWith:40 -Generating unique operation named: saveUsingPOST_1
2024-07-20 22:14:07.899 INFO [main]s.d.s.w.readers.operation.CachingOperationNameGenerator.startingWith:40 -Generating unique operation named: updateUsingPUT_1
2024-07-20 22:14:07.902 INFO [main]s.d.s.w.readers.operation.CachingOperationNameGenerator.startingWith:40 -Generating unique operation named: update2UsingPUT_1
2024-07-20 22:14:07.907 INFO [main]s.d.s.w.readers.operation.CachingOperationNameGenerator.startingWith:40 -Generating unique operation named: deleteBatchUsingPOST_1
2024-07-20 22:14:07.909 INFO [main]s.d.s.w.readers.operation.CachingOperationNameGenerator.startingWith:40 -Generating unique operation named: findPageUsingGET_3
2024-07-20 22:14:07.921 INFO [main]s.d.s.w.readers.operation.CachingOperationNameGenerator.startingWith:40 -Generating unique operation named: registerUsingPOST_1
2024-07-20 22:14:07.924 INFO [main]s.d.s.w.readers.operation.CachingOperationNameGenerator.startingWith:40 -Generating unique operation named: updateUsingPUT_2
2024-07-20 22:14:07.926 INFO [main]s.d.s.w.readers.operation.CachingOperationNameGenerator.startingWith:40 -Generating unique operation named: updateUsingPUT_3
2024-07-20 22:14:07.929 INFO [main]s.d.s.w.readers.operation.CachingOperationNameGenerator.startingWith:40 -Generating unique operation named: updateUsingPUT_4
2024-07-20 22:14:07.950 INFO [main]com.example.demo.AppStartApplication.logStarted:61 -Started AppStartApplication in 4.625 seconds (JVM running for 4.994)
2024-07-20 22:14:16.008 INFO [http-nio-8086-exec-1]o.a.c.c.C.[Tomcat].[localhost].[/booksmanager].log:173 -Initializing Spring DispatcherServlet 'dispatcherServlet'
2024-07-20 22:14:16.008 INFO [http-nio-8086-exec-1]org.springframework.web.servlet.DispatcherServlet.initServletBean:525 -Initializing Servlet 'dispatcherServlet'
2024-07-20 22:14:16.009 INFO [http-nio-8086-exec-1]org.springframework.web.servlet.DispatcherServlet.initServletBean:547 -Completed initialization in 1 ms
2024-07-20 22:14:16.132 INFO [http-nio-8086-exec-1]com.zaxxer.hikari.HikariDataSource.getConnection:110 -HikariPool-1 - Starting...
2024-07-20 22:14:16.728 INFO [http-nio-8086-exec-1]com.zaxxer.hikari.HikariDataSource.getConnection:123 -HikariPool-1 - Start completed.
2024-07-20 22:15:22.549 INFO [main]com.example.demo.AppStartApplication.logStarting:55 -Starting AppStartApplication using Java 1.8.0_351 on wqq875620 with PID 16960 (D:\project\tumanager\Library-Management-System-master\SpringBoot\target\classes started by 86188 in D:\project\tumanager\Library-Management-System-master\SpringBoot)
2024-07-20 22:15:22.553 INFO [main]com.example.demo.AppStartApplication.logStartupProfileInfo:639 -The following profiles are active: dev
2024-07-20 22:15:23.284 INFO [main]o.s.d.repository.config.RepositoryConfigurationDelegate.multipleStoresDetected:262 -Multiple Spring Data modules found, entering strict repository configuration mode!
2024-07-20 22:15:23.287 INFO [main]o.s.d.repository.config.RepositoryConfigurationDelegate.registerRepositoriesIn:132 -Bootstrapping Spring Data Redis repositories in DEFAULT mode.
2024-07-20 22:15:23.305 INFO [main]o.s.d.repository.config.RepositoryConfigurationDelegate.registerRepositoriesIn:201 -Finished Spring Data repository scanning in 7 ms. Found 0 Redis repository interfaces.
2024-07-20 22:15:24.095 INFO [main]o.s.boot.web.embedded.tomcat.TomcatWebServer.initialize:108 -Tomcat initialized with port(s): 8086 (http)
2024-07-20 22:15:24.103 INFO [main]org.apache.coyote.http11.Http11NioProtocol.log:173 -Initializing ProtocolHandler ["http-nio-8086"]
2024-07-20 22:15:24.104 INFO [main]org.apache.catalina.core.StandardService.log:173 -Starting service [Tomcat]
2024-07-20 22:15:24.104 INFO [main]org.apache.catalina.core.StandardEngine.log:173 -Starting Servlet engine: [Apache Tomcat/9.0.55]
2024-07-20 22:15:24.184 INFO [main]o.a.c.c.C.[Tomcat].[localhost].[/booksmanager].log:173 -Initializing Spring embedded WebApplicationContext
2024-07-20 22:15:24.185 INFO [main]o.s.b.w.s.context.ServletWebServerApplicationContext.prepareWebApplicationContext:290 -Root WebApplicationContext: initialization completed in 1589 ms
2024-07-20 22:15:25.794 INFO [main]s.d.s.web.PropertySourcedRequestMappingHandlerMapping.initHandlerMethods:69 -Mapped URL path [/v2/api-docs] onto method [springfox.documentation.swagger2.web.Swagger2Controller#getDocumentation(String, HttpServletRequest)]
2024-07-20 22:15:26.235 INFO [main]org.apache.coyote.http11.Http11NioProtocol.log:173 -Starting ProtocolHandler ["http-nio-8086"]
2024-07-20 22:15:26.269 INFO [main]o.s.boot.web.embedded.tomcat.TomcatWebServer.start:220 -Tomcat started on port(s): 8086 (http) with context path '/booksmanager'
2024-07-20 22:15:26.270 INFO [main]s.d.spring.web.plugins.DocumentationPluginsBootstrapper.start:160 -Context refreshed
2024-07-20 22:15:26.295 INFO [main]s.d.spring.web.plugins.DocumentationPluginsBootstrapper.start:163 -Found 1 custom documentation plugin(s)
2024-07-20 22:15:26.334 INFO [main]s.d.spring.web.scanners.ApiListingReferenceScanner.scan:41 -Scanning for api listing references
2024-07-20 22:15:26.461 INFO [main]s.d.s.w.readers.operation.CachingOperationNameGenerator.startingWith:40 -Generating unique operation named: findPageUsingGET_1
2024-07-20 22:15:26.474 INFO [main]s.d.s.w.readers.operation.CachingOperationNameGenerator.startingWith:40 -Generating unique operation named: deleteUsingDELETE_1
2024-07-20 22:15:26.478 INFO [main]s.d.s.w.readers.operation.CachingOperationNameGenerator.startingWith:40 -Generating unique operation named: deleteRecordUsingPOST_1
2024-07-20 22:15:26.481 INFO [main]s.d.s.w.readers.operation.CachingOperationNameGenerator.startingWith:40 -Generating unique operation named: deleteRecordsUsingPOST_1
2024-07-20 22:15:26.483 INFO [main]s.d.s.w.readers.operation.CachingOperationNameGenerator.startingWith:40 -Generating unique operation named: findPageUsingGET_2
2024-07-20 22:15:26.484 INFO [main]s.d.s.w.readers.operation.CachingOperationNameGenerator.startingWith:40 -Generating unique operation named: saveUsingPOST_1
2024-07-20 22:15:26.486 INFO [main]s.d.s.w.readers.operation.CachingOperationNameGenerator.startingWith:40 -Generating unique operation named: updateUsingPUT_1
2024-07-20 22:15:26.489 INFO [main]s.d.s.w.readers.operation.CachingOperationNameGenerator.startingWith:40 -Generating unique operation named: update2UsingPUT_1
2024-07-20 22:15:26.492 INFO [main]s.d.s.w.readers.operation.CachingOperationNameGenerator.startingWith:40 -Generating unique operation named: deleteBatchUsingPOST_1
2024-07-20 22:15:26.494 INFO [main]s.d.s.w.readers.operation.CachingOperationNameGenerator.startingWith:40 -Generating unique operation named: findPageUsingGET_3
2024-07-20 22:15:26.505 INFO [main]s.d.s.w.readers.operation.CachingOperationNameGenerator.startingWith:40 -Generating unique operation named: registerUsingPOST_1
2024-07-20 22:15:26.509 INFO [main]s.d.s.w.readers.operation.CachingOperationNameGenerator.startingWith:40 -Generating unique operation named: updateUsingPUT_2
2024-07-20 22:15:26.511 INFO [main]s.d.s.w.readers.operation.CachingOperationNameGenerator.startingWith:40 -Generating unique operation named: updateUsingPUT_3
2024-07-20 22:15:26.513 INFO [main]s.d.s.w.readers.operation.CachingOperationNameGenerator.startingWith:40 -Generating unique operation named: updateUsingPUT_4
2024-07-20 22:15:26.529 INFO [main]com.example.demo.AppStartApplication.logStarted:61 -Started AppStartApplication in 4.441 seconds (JVM running for 4.816)
2024-07-20 22:16:06.513 INFO [http-nio-8086-exec-1]o.a.c.c.C.[Tomcat].[localhost].[/booksmanager].log:173 -Initializing Spring DispatcherServlet 'dispatcherServlet'
2024-07-20 22:16:06.513 INFO [http-nio-8086-exec-1]org.springframework.web.servlet.DispatcherServlet.initServletBean:525 -Initializing Servlet 'dispatcherServlet'
2024-07-20 22:16:06.514 INFO [http-nio-8086-exec-1]org.springframework.web.servlet.DispatcherServlet.initServletBean:547 -Completed initialization in 1 ms
2024-07-20 22:16:06.631 INFO [http-nio-8086-exec-1]com.zaxxer.hikari.HikariDataSource.getConnection:110 -HikariPool-1 - Starting...
2024-07-20 22:16:07.199 INFO [http-nio-8086-exec-1]com.zaxxer.hikari.HikariDataSource.getConnection:123 -HikariPool-1 - Start completed.
2024-07-20 23:42:03.666 INFO [main]com.example.demo.AppStartApplication.logStarting:55 -Starting AppStartApplication using Java 1.8.0_351 on wqq875620 with PID 18000 (D:\project\tumanager\Library-Management-System-master\SpringBoot\target\classes started by 86188 in D:\project\tumanager\Library-Management-System-master\SpringBoot)
2024-07-20 23:42:03.669 INFO [main]com.example.demo.AppStartApplication.logStartupProfileInfo:639 -The following profiles are active: dev
2024-07-20 23:42:04.527 INFO [main]o.s.d.repository.config.RepositoryConfigurationDelegate.multipleStoresDetected:262 -Multiple Spring Data modules found, entering strict repository configuration mode!
2024-07-20 23:42:04.530 INFO [main]o.s.d.repository.config.RepositoryConfigurationDelegate.registerRepositoriesIn:132 -Bootstrapping Spring Data Redis repositories in DEFAULT mode.
2024-07-20 23:42:04.553 INFO [main]o.s.d.repository.config.RepositoryConfigurationDelegate.registerRepositoriesIn:201 -Finished Spring Data repository scanning in 10 ms. Found 0 Redis repository interfaces.
2024-07-20 23:42:05.454 INFO [main]o.s.boot.web.embedded.tomcat.TomcatWebServer.initialize:108 -Tomcat initialized with port(s): 8086 (http)
2024-07-20 23:42:05.463 INFO [main]org.apache.coyote.http11.Http11NioProtocol.log:173 -Initializing ProtocolHandler ["http-nio-8086"]
2024-07-20 23:42:05.464 INFO [main]org.apache.catalina.core.StandardService.log:173 -Starting service [Tomcat]
2024-07-20 23:42:05.464 INFO [main]org.apache.catalina.core.StandardEngine.log:173 -Starting Servlet engine: [Apache Tomcat/9.0.55]
2024-07-20 23:42:05.536 INFO [main]o.a.c.c.C.[Tomcat].[localhost].[/booksmanager].log:173 -Initializing Spring embedded WebApplicationContext
2024-07-20 23:42:05.536 INFO [main]o.s.b.w.s.context.ServletWebServerApplicationContext.prepareWebApplicationContext:290 -Root WebApplicationContext: initialization completed in 1819 ms
2024-07-20 23:42:07.142 INFO [main]s.d.s.web.PropertySourcedRequestMappingHandlerMapping.initHandlerMethods:69 -Mapped URL path [/v2/api-docs] onto method [springfox.documentation.swagger2.web.Swagger2Controller#getDocumentation(String, HttpServletRequest)]
2024-07-20 23:42:07.669 INFO [main]org.apache.coyote.http11.Http11NioProtocol.log:173 -Starting ProtocolHandler ["http-nio-8086"]
2024-07-20 23:42:07.690 INFO [main]o.s.boot.web.embedded.tomcat.TomcatWebServer.start:220 -Tomcat started on port(s): 8086 (http) with context path '/booksmanager'
2024-07-20 23:42:07.690 INFO [main]s.d.spring.web.plugins.DocumentationPluginsBootstrapper.start:160 -Context refreshed
2024-07-20 23:42:07.714 INFO [main]s.d.spring.web.plugins.DocumentationPluginsBootstrapper.start:163 -Found 1 custom documentation plugin(s)
2024-07-20 23:42:07.752 INFO [main]s.d.spring.web.scanners.ApiListingReferenceScanner.scan:41 -Scanning for api listing references
2024-07-20 23:42:07.891 INFO [main]s.d.s.w.readers.operation.CachingOperationNameGenerator.startingWith:40 -Generating unique operation named: findPageUsingGET_1
2024-07-20 23:42:07.908 INFO [main]s.d.s.w.readers.operation.CachingOperationNameGenerator.startingWith:40 -Generating unique operation named: deleteUsingDELETE_1
2024-07-20 23:42:07.915 INFO [main]s.d.s.w.readers.operation.CachingOperationNameGenerator.startingWith:40 -Generating unique operation named: deleteRecordUsingPOST_1
2024-07-20 23:42:07.917 INFO [main]s.d.s.w.readers.operation.CachingOperationNameGenerator.startingWith:40 -Generating unique operation named: deleteRecordsUsingPOST_1
2024-07-20 23:42:07.921 INFO [main]s.d.s.w.readers.operation.CachingOperationNameGenerator.startingWith:40 -Generating unique operation named: findPageUsingGET_2
2024-07-20 23:42:07.923 INFO [main]s.d.s.w.readers.operation.CachingOperationNameGenerator.startingWith:40 -Generating unique operation named: saveUsingPOST_1
2024-07-20 23:42:07.925 INFO [main]s.d.s.w.readers.operation.CachingOperationNameGenerator.startingWith:40 -Generating unique operation named: updateUsingPUT_1
2024-07-20 23:42:07.929 INFO [main]s.d.s.w.readers.operation.CachingOperationNameGenerator.startingWith:40 -Generating unique operation named: update2UsingPUT_1
2024-07-20 23:42:07.933 INFO [main]s.d.s.w.readers.operation.CachingOperationNameGenerator.startingWith:40 -Generating unique operation named: deleteBatchUsingPOST_1
2024-07-20 23:42:07.937 INFO [main]s.d.s.w.readers.operation.CachingOperationNameGenerator.startingWith:40 -Generating unique operation named: findPageUsingGET_3
2024-07-20 23:42:07.953 INFO [main]s.d.s.w.readers.operation.CachingOperationNameGenerator.startingWith:40 -Generating unique operation named: registerUsingPOST_1
2024-07-20 23:42:07.956 INFO [main]s.d.s.w.readers.operation.CachingOperationNameGenerator.startingWith:40 -Generating unique operation named: updateUsingPUT_2
2024-07-20 23:42:07.959 INFO [main]s.d.s.w.readers.operation.CachingOperationNameGenerator.startingWith:40 -Generating unique operation named: updateUsingPUT_3
2024-07-20 23:42:07.960 INFO [main]s.d.s.w.readers.operation.CachingOperationNameGenerator.startingWith:40 -Generating unique operation named: updateUsingPUT_4
2024-07-20 23:42:07.984 INFO [main]com.example.demo.AppStartApplication.logStarted:61 -Started AppStartApplication in 4.8 seconds (JVM running for 5.16)
2024-07-20 23:42:24.564 INFO [http-nio-8086-exec-1]o.a.c.c.C.[Tomcat].[localhost].[/booksmanager].log:173 -Initializing Spring DispatcherServlet 'dispatcherServlet'
2024-07-20 23:42:24.565 INFO [http-nio-8086-exec-1]org.springframework.web.servlet.DispatcherServlet.initServletBean:525 -Initializing Servlet 'dispatcherServlet'
2024-07-20 23:42:24.568 INFO [http-nio-8086-exec-1]org.springframework.web.servlet.DispatcherServlet.initServletBean:547 -Completed initialization in 3 ms
2024-07-20 23:43:19.651 INFO [main]com.example.demo.AppStartApplication.logStarting:55 -Starting AppStartApplication using Java 1.8.0_351 on wqq875620 with PID 14396 (D:\project\tumanager\Library-Management-System-master\SpringBoot\target\classes started by 86188 in D:\project\tumanager\Library-Management-System-master\SpringBoot)
2024-07-20 23:43:19.654 INFO [main]com.example.demo.AppStartApplication.logStartupProfileInfo:639 -The following profiles are active: dev
2024-07-20 23:43:20.372 INFO [main]o.s.d.repository.config.RepositoryConfigurationDelegate.multipleStoresDetected:262 -Multiple Spring Data modules found, entering strict repository configuration mode!
2024-07-20 23:43:20.374 INFO [main]o.s.d.repository.config.RepositoryConfigurationDelegate.registerRepositoriesIn:132 -Bootstrapping Spring Data Redis repositories in DEFAULT mode.
2024-07-20 23:43:20.392 INFO [main]o.s.d.repository.config.RepositoryConfigurationDelegate.registerRepositoriesIn:201 -Finished Spring Data repository scanning in 7 ms. Found 0 Redis repository interfaces.
2024-07-20 23:43:21.217 INFO [main]o.s.boot.web.embedded.tomcat.TomcatWebServer.initialize:108 -Tomcat initialized with port(s): 8086 (http)
2024-07-20 23:43:21.226 INFO [main]org.apache.coyote.http11.Http11NioProtocol.log:173 -Initializing ProtocolHandler ["http-nio-8086"]
2024-07-20 23:43:21.226 INFO [main]org.apache.catalina.core.StandardService.log:173 -Starting service [Tomcat]
2024-07-20 23:43:21.227 INFO [main]org.apache.catalina.core.StandardEngine.log:173 -Starting Servlet engine: [Apache Tomcat/9.0.55]
2024-07-20 23:43:21.300 INFO [main]o.a.c.c.C.[Tomcat].[localhost].[/booksmanager].log:173 -Initializing Spring embedded WebApplicationContext
2024-07-20 23:43:21.300 INFO [main]o.s.b.w.s.context.ServletWebServerApplicationContext.prepareWebApplicationContext:290 -Root WebApplicationContext: initialization completed in 1598 ms
2024-07-20 23:43:22.760 INFO [main]s.d.s.web.PropertySourcedRequestMappingHandlerMapping.initHandlerMethods:69 -Mapped URL path [/v2/api-docs] onto method [springfox.documentation.swagger2.web.Swagger2Controller#getDocumentation(String, HttpServletRequest)]
2024-07-20 23:43:23.239 INFO [main]org.apache.coyote.http11.Http11NioProtocol.log:173 -Starting ProtocolHandler ["http-nio-8086"]
2024-07-20 23:43:23.267 INFO [main]o.s.boot.web.embedded.tomcat.TomcatWebServer.start:220 -Tomcat started on port(s): 8086 (http) with context path '/booksmanager'
2024-07-20 23:43:23.268 INFO [main]s.d.spring.web.plugins.DocumentationPluginsBootstrapper.start:160 -Context refreshed
2024-07-20 23:43:23.288 INFO [main]s.d.spring.web.plugins.DocumentationPluginsBootstrapper.start:163 -Found 1 custom documentation plugin(s)
2024-07-20 23:43:23.323 INFO [main]s.d.spring.web.scanners.ApiListingReferenceScanner.scan:41 -Scanning for api listing references
2024-07-20 23:43:23.430 INFO [main]s.d.s.w.readers.operation.CachingOperationNameGenerator.startingWith:40 -Generating unique operation named: findPageUsingGET_1
2024-07-20 23:43:23.443 INFO [main]s.d.s.w.readers.operation.CachingOperationNameGenerator.startingWith:40 -Generating unique operation named: deleteUsingDELETE_1
2024-07-20 23:43:23.448 INFO [main]s.d.s.w.readers.operation.CachingOperationNameGenerator.startingWith:40 -Generating unique operation named: deleteRecordUsingPOST_1
2024-07-20 23:43:23.450 INFO [main]s.d.s.w.readers.operation.CachingOperationNameGenerator.startingWith:40 -Generating unique operation named: deleteRecordsUsingPOST_1
2024-07-20 23:43:23.453 INFO [main]s.d.s.w.readers.operation.CachingOperationNameGenerator.startingWith:40 -Generating unique operation named: findPageUsingGET_2
2024-07-20 23:43:23.455 INFO [main]s.d.s.w.readers.operation.CachingOperationNameGenerator.startingWith:40 -Generating unique operation named: saveUsingPOST_1
2024-07-20 23:43:23.457 INFO [main]s.d.s.w.readers.operation.CachingOperationNameGenerator.startingWith:40 -Generating unique operation named: updateUsingPUT_1
2024-07-20 23:43:23.460 INFO [main]s.d.s.w.readers.operation.CachingOperationNameGenerator.startingWith:40 -Generating unique operation named: update2UsingPUT_1
2024-07-20 23:43:23.465 INFO [main]s.d.s.w.readers.operation.CachingOperationNameGenerator.startingWith:40 -Generating unique operation named: deleteBatchUsingPOST_1
2024-07-20 23:43:23.467 INFO [main]s.d.s.w.readers.operation.CachingOperationNameGenerator.startingWith:40 -Generating unique operation named: findPageUsingGET_3
2024-07-20 23:43:23.480 INFO [main]s.d.s.w.readers.operation.CachingOperationNameGenerator.startingWith:40 -Generating unique operation named: registerUsingPOST_1
2024-07-20 23:43:23.484 INFO [main]s.d.s.w.readers.operation.CachingOperationNameGenerator.startingWith:40 -Generating unique operation named: updateUsingPUT_2
2024-07-20 23:43:23.487 INFO [main]s.d.s.w.readers.operation.CachingOperationNameGenerator.startingWith:40 -Generating unique operation named: updateUsingPUT_3
2024-07-20 23:43:23.489 INFO [main]s.d.s.w.readers.operation.CachingOperationNameGenerator.startingWith:40 -Generating unique operation named: updateUsingPUT_4
2024-07-20 23:43:23.507 INFO [main]com.example.demo.AppStartApplication.logStarted:61 -Started AppStartApplication in 4.36 seconds (JVM running for 4.741)
2024-07-20 23:43:27.644 INFO [http-nio-8086-exec-1]o.a.c.c.C.[Tomcat].[localhost].[/booksmanager].log:173 -Initializing Spring DispatcherServlet 'dispatcherServlet'
2024-07-20 23:43:27.645 INFO [http-nio-8086-exec-1]org.springframework.web.servlet.DispatcherServlet.initServletBean:525 -Initializing Servlet 'dispatcherServlet'
2024-07-20 23:43:27.646 INFO [http-nio-8086-exec-1]org.springframework.web.servlet.DispatcherServlet.initServletBean:547 -Completed initialization in 1 ms
2024-07-20 23:45:17.911 INFO [main]com.example.demo.AppStartApplication.logStarting:55 -Starting AppStartApplication using Java 1.8.0_351 on wqq875620 with PID 16132 (D:\project\tumanager\Library-Management-System-master\SpringBoot\target\classes started by 86188 in D:\project\tumanager\Library-Management-System-master\SpringBoot)
2024-07-20 23:45:17.914 INFO [main]com.example.demo.AppStartApplication.logStartupProfileInfo:639 -The following profiles are active: dev
2024-07-20 23:45:18.681 INFO [main]o.s.d.repository.config.RepositoryConfigurationDelegate.multipleStoresDetected:262 -Multiple Spring Data modules found, entering strict repository configuration mode!
2024-07-20 23:45:18.683 INFO [main]o.s.d.repository.config.RepositoryConfigurationDelegate.registerRepositoriesIn:132 -Bootstrapping Spring Data Redis repositories in DEFAULT mode.
2024-07-20 23:45:18.704 INFO [main]o.s.d.repository.config.RepositoryConfigurationDelegate.registerRepositoriesIn:201 -Finished Spring Data repository scanning in 8 ms. Found 0 Redis repository interfaces.
2024-07-20 23:45:19.578 INFO [main]o.s.boot.web.embedded.tomcat.TomcatWebServer.initialize:108 -Tomcat initialized with port(s): 8086 (http)
2024-07-20 23:45:19.587 INFO [main]org.apache.coyote.http11.Http11NioProtocol.log:173 -Initializing ProtocolHandler ["http-nio-8086"]
2024-07-20 23:45:19.588 INFO [main]org.apache.catalina.core.StandardService.log:173 -Starting service [Tomcat]
2024-07-20 23:45:19.588 INFO [main]org.apache.catalina.core.StandardEngine.log:173 -Starting Servlet engine: [Apache Tomcat/9.0.55]
2024-07-20 23:45:19.663 INFO [main]o.a.c.c.C.[Tomcat].[localhost].[/booksmanager].log:173 -Initializing Spring embedded WebApplicationContext
2024-07-20 23:45:19.663 INFO [main]o.s.b.w.s.context.ServletWebServerApplicationContext.prepareWebApplicationContext:290 -Root WebApplicationContext: initialization completed in 1698 ms
2024-07-20 23:45:21.172 INFO [main]s.d.s.web.PropertySourcedRequestMappingHandlerMapping.initHandlerMethods:69 -Mapped URL path [/v2/api-docs] onto method [springfox.documentation.swagger2.web.Swagger2Controller#getDocumentation(String, HttpServletRequest)]
2024-07-20 23:45:21.599 INFO [main]org.apache.coyote.http11.Http11NioProtocol.log:173 -Starting ProtocolHandler ["http-nio-8086"]
2024-07-20 23:45:21.620 INFO [main]o.s.boot.web.embedded.tomcat.TomcatWebServer.start:220 -Tomcat started on port(s): 8086 (http) with context path '/booksmanager'
2024-07-20 23:45:21.621 INFO [main]s.d.spring.web.plugins.DocumentationPluginsBootstrapper.start:160 -Context refreshed
2024-07-20 23:45:21.641 INFO [main]s.d.spring.web.plugins.DocumentationPluginsBootstrapper.start:163 -Found 1 custom documentation plugin(s)
2024-07-20 23:45:21.673 INFO [main]s.d.spring.web.scanners.ApiListingReferenceScanner.scan:41 -Scanning for api listing references
2024-07-20 23:45:21.781 INFO [main]s.d.s.w.readers.operation.CachingOperationNameGenerator.startingWith:40 -Generating unique operation named: findPageUsingGET_1
2024-07-20 23:45:21.791 INFO [main]s.d.s.w.readers.operation.CachingOperationNameGenerator.startingWith:40 -Generating unique operation named: deleteUsingDELETE_1
2024-07-20 23:45:21.794 INFO [main]s.d.s.w.readers.operation.CachingOperationNameGenerator.startingWith:40 -Generating unique operation named: deleteRecordUsingPOST_1
2024-07-20 23:45:21.796 INFO [main]s.d.s.w.readers.operation.CachingOperationNameGenerator.startingWith:40 -Generating unique operation named: deleteRecordsUsingPOST_1
2024-07-20 23:45:21.798 INFO [main]s.d.s.w.readers.operation.CachingOperationNameGenerator.startingWith:40 -Generating unique operation named: findPageUsingGET_2
2024-07-20 23:45:21.799 INFO [main]s.d.s.w.readers.operation.CachingOperationNameGenerator.startingWith:40 -Generating unique operation named: saveUsingPOST_1
2024-07-20 23:45:21.800 INFO [main]s.d.s.w.readers.operation.CachingOperationNameGenerator.startingWith:40 -Generating unique operation named: updateUsingPUT_1
2024-07-20 23:45:21.804 INFO [main]s.d.s.w.readers.operation.CachingOperationNameGenerator.startingWith:40 -Generating unique operation named: update2UsingPUT_1
2024-07-20 23:45:21.808 INFO [main]s.d.s.w.readers.operation.CachingOperationNameGenerator.startingWith:40 -Generating unique operation named: deleteBatchUsingPOST_1
2024-07-20 23:45:21.811 INFO [main]s.d.s.w.readers.operation.CachingOperationNameGenerator.startingWith:40 -Generating unique operation named: findPageUsingGET_3
2024-07-20 23:45:21.826 INFO [main]s.d.s.w.readers.operation.CachingOperationNameGenerator.startingWith:40 -Generating unique operation named: registerUsingPOST_1
2024-07-20 23:45:21.831 INFO [main]s.d.s.w.readers.operation.CachingOperationNameGenerator.startingWith:40 -Generating unique operation named: updateUsingPUT_2
2024-07-20 23:45:21.833 INFO [main]s.d.s.w.readers.operation.CachingOperationNameGenerator.startingWith:40 -Generating unique operation named: updateUsingPUT_3
2024-07-20 23:45:21.834 INFO [main]s.d.s.w.readers.operation.CachingOperationNameGenerator.startingWith:40 -Generating unique operation named: updateUsingPUT_4
2024-07-20 23:45:21.852 INFO [main]com.example.demo.AppStartApplication.logStarted:61 -Started AppStartApplication in 4.424 seconds (JVM running for 4.784)
2024-07-20 23:45:28.577 INFO [http-nio-8086-exec-1]o.a.c.c.C.[Tomcat].[localhost].[/booksmanager].log:173 -Initializing Spring DispatcherServlet 'dispatcherServlet'
2024-07-20 23:45:28.577 INFO [http-nio-8086-exec-1]org.springframework.web.servlet.DispatcherServlet.initServletBean:525 -Initializing Servlet 'dispatcherServlet'
2024-07-20 23:45:28.578 INFO [http-nio-8086-exec-1]org.springframework.web.servlet.DispatcherServlet.initServletBean:547 -Completed initialization in 1 ms
2024-07-20 23:46:14.950 INFO [main]com.example.demo.AppStartApplication.logStarting:55 -Starting AppStartApplication using Java 1.8.0_351 on wqq875620 with PID 2104 (D:\project\tumanager\Library-Management-System-master\SpringBoot\target\classes started by 86188 in D:\project\tumanager\Library-Management-System-master\SpringBoot)
2024-07-20 23:46:14.955 INFO [main]com.example.demo.AppStartApplication.logStartupProfileInfo:639 -The following profiles are active: dev
2024-07-20 23:46:15.710 INFO [main]o.s.d.repository.config.RepositoryConfigurationDelegate.multipleStoresDetected:262 -Multiple Spring Data modules found, entering strict repository configuration mode!
2024-07-20 23:46:15.713 INFO [main]o.s.d.repository.config.RepositoryConfigurationDelegate.registerRepositoriesIn:132 -Bootstrapping Spring Data Redis repositories in DEFAULT mode.
2024-07-20 23:46:15.733 INFO [main]o.s.d.repository.config.RepositoryConfigurationDelegate.registerRepositoriesIn:201 -Finished Spring Data repository scanning in 8 ms. Found 0 Redis repository interfaces.
2024-07-20 23:46:16.582 INFO [main]o.s.boot.web.embedded.tomcat.TomcatWebServer.initialize:108 -Tomcat initialized with port(s): 8086 (http)
2024-07-20 23:46:16.591 INFO [main]org.apache.coyote.http11.Http11NioProtocol.log:173 -Initializing ProtocolHandler ["http-nio-8086"]
2024-07-20 23:46:16.591 INFO [main]org.apache.catalina.core.StandardService.log:173 -Starting service [Tomcat]
2024-07-20 23:46:16.591 INFO [main]org.apache.catalina.core.StandardEngine.log:173 -Starting Servlet engine: [Apache Tomcat/9.0.55]
2024-07-20 23:46:16.662 INFO [main]o.a.c.c.C.[Tomcat].[localhost].[/booksmanager].log:173 -Initializing Spring embedded WebApplicationContext
2024-07-20 23:46:16.662 INFO [main]o.s.b.w.s.context.ServletWebServerApplicationContext.prepareWebApplicationContext:290 -Root WebApplicationContext: initialization completed in 1658 ms
2024-07-20 23:46:18.124 INFO [main]s.d.s.web.PropertySourcedRequestMappingHandlerMapping.initHandlerMethods:69 -Mapped URL path [/v2/api-docs] onto method [springfox.documentation.swagger2.web.Swagger2Controller#getDocumentation(String, HttpServletRequest)]
2024-07-20 23:46:18.603 INFO [main]org.apache.coyote.http11.Http11NioProtocol.log:173 -Starting ProtocolHandler ["http-nio-8086"]
2024-07-20 23:46:18.621 INFO [main]o.s.boot.web.embedded.tomcat.TomcatWebServer.start:220 -Tomcat started on port(s): 8086 (http) with context path '/booksmanager'
2024-07-20 23:46:18.622 INFO [main]s.d.spring.web.plugins.DocumentationPluginsBootstrapper.start:160 -Context refreshed
2024-07-20 23:46:18.641 INFO [main]s.d.spring.web.plugins.DocumentationPluginsBootstrapper.start:163 -Found 1 custom documentation plugin(s)
2024-07-20 23:46:18.682 INFO [main]s.d.spring.web.scanners.ApiListingReferenceScanner.scan:41 -Scanning for api listing references
2024-07-20 23:46:18.818 INFO [main]s.d.s.w.readers.operation.CachingOperationNameGenerator.startingWith:40 -Generating unique operation named: findPageUsingGET_1
2024-07-20 23:46:18.833 INFO [main]s.d.s.w.readers.operation.CachingOperationNameGenerator.startingWith:40 -Generating unique operation named: deleteUsingDELETE_1
2024-07-20 23:46:18.839 INFO [main]s.d.s.w.readers.operation.CachingOperationNameGenerator.startingWith:40 -Generating unique operation named: deleteRecordUsingPOST_1
2024-07-20 23:46:18.843 INFO [main]s.d.s.w.readers.operation.CachingOperationNameGenerator.startingWith:40 -Generating unique operation named: deleteRecordsUsingPOST_1
2024-07-20 23:46:18.846 INFO [main]s.d.s.w.readers.operation.CachingOperationNameGenerator.startingWith:40 -Generating unique operation named: findPageUsingGET_2
2024-07-20 23:46:18.848 INFO [main]s.d.s.w.readers.operation.CachingOperationNameGenerator.startingWith:40 -Generating unique operation named: saveUsingPOST_1
2024-07-20 23:46:18.849 INFO [main]s.d.s.w.readers.operation.CachingOperationNameGenerator.startingWith:40 -Generating unique operation named: updateUsingPUT_1
2024-07-20 23:46:18.853 INFO [main]s.d.s.w.readers.operation.CachingOperationNameGenerator.startingWith:40 -Generating unique operation named: update2UsingPUT_1
2024-07-20 23:46:18.856 INFO [main]s.d.s.w.readers.operation.CachingOperationNameGenerator.startingWith:40 -Generating unique operation named: deleteBatchUsingPOST_1
2024-07-20 23:46:18.858 INFO [main]s.d.s.w.readers.operation.CachingOperationNameGenerator.startingWith:40 -Generating unique operation named: findPageUsingGET_3
2024-07-20 23:46:18.869 INFO [main]s.d.s.w.readers.operation.CachingOperationNameGenerator.startingWith:40 -Generating unique operation named: registerUsingPOST_1
2024-07-20 23:46:18.872 INFO [main]s.d.s.w.readers.operation.CachingOperationNameGenerator.startingWith:40 -Generating unique operation named: updateUsingPUT_2
2024-07-20 23:46:18.874 INFO [main]s.d.s.w.readers.operation.CachingOperationNameGenerator.startingWith:40 -Generating unique operation named: updateUsingPUT_3
2024-07-20 23:46:18.876 INFO [main]s.d.s.w.readers.operation.CachingOperationNameGenerator.startingWith:40 -Generating unique operation named: updateUsingPUT_4
2024-07-20 23:46:18.895 INFO [main]com.example.demo.AppStartApplication.logStarted:61 -Started AppStartApplication in 4.403 seconds (JVM running for 4.77)
2024-07-20 23:46:28.199 INFO [http-nio-8086-exec-1]o.a.c.c.C.[Tomcat].[localhost].[/booksmanager].log:173 -Initializing Spring DispatcherServlet 'dispatcherServlet'
2024-07-20 23:46:28.199 INFO [http-nio-8086-exec-1]org.springframework.web.servlet.DispatcherServlet.initServletBean:525 -Initializing Servlet 'dispatcherServlet'
2024-07-20 23:46:28.200 INFO [http-nio-8086-exec-1]org.springframework.web.servlet.DispatcherServlet.initServletBean:547 -Completed initialization in 1 ms
2024-07-20 23:48:19.323 INFO [main]com.example.demo.AppStartApplication.logStarting:55 -Starting AppStartApplication using Java 1.8.0_351 on wqq875620 with PID 17940 (D:\project\tumanager\Library-Management-System-master\SpringBoot\target\classes started by 86188 in D:\project\tumanager\Library-Management-System-master\SpringBoot)
2024-07-20 23:48:19.327 INFO [main]com.example.demo.AppStartApplication.logStartupProfileInfo:639 -The following profiles are active: dev
2024-07-20 23:48:20.050 INFO [main]o.s.d.repository.config.RepositoryConfigurationDelegate.multipleStoresDetected:262 -Multiple Spring Data modules found, entering strict repository configuration mode!
2024-07-20 23:48:20.052 INFO [main]o.s.d.repository.config.RepositoryConfigurationDelegate.registerRepositoriesIn:132 -Bootstrapping Spring Data Redis repositories in DEFAULT mode.
2024-07-20 23:48:20.073 INFO [main]o.s.d.repository.config.RepositoryConfigurationDelegate.registerRepositoriesIn:201 -Finished Spring Data repository scanning in 8 ms. Found 0 Redis repository interfaces.
2024-07-20 23:48:20.947 INFO [main]o.s.boot.web.embedded.tomcat.TomcatWebServer.initialize:108 -Tomcat initialized with port(s): 8086 (http)
2024-07-20 23:48:20.955 INFO [main]org.apache.coyote.http11.Http11NioProtocol.log:173 -Initializing ProtocolHandler ["http-nio-8086"]
2024-07-20 23:48:20.956 INFO [main]org.apache.catalina.core.StandardService.log:173 -Starting service [Tomcat]
2024-07-20 23:48:20.956 INFO [main]org.apache.catalina.core.StandardEngine.log:173 -Starting Servlet engine: [Apache Tomcat/9.0.55]
2024-07-20 23:48:21.023 INFO [main]o.a.c.c.C.[Tomcat].[localhost].[/booksmanager].log:173 -Initializing Spring embedded WebApplicationContext
2024-07-20 23:48:21.023 INFO [main]o.s.b.w.s.context.ServletWebServerApplicationContext.prepareWebApplicationContext:290 -Root WebApplicationContext: initialization completed in 1650 ms
2024-07-20 23:48:22.626 INFO [main]s.d.s.web.PropertySourcedRequestMappingHandlerMapping.initHandlerMethods:69 -Mapped URL path [/v2/api-docs] onto method [springfox.documentation.swagger2.web.Swagger2Controller#getDocumentation(String, HttpServletRequest)]
2024-07-20 23:48:23.109 INFO [main]org.apache.coyote.http11.Http11NioProtocol.log:173 -Starting ProtocolHandler ["http-nio-8086"]
2024-07-20 23:48:23.139 INFO [main]o.s.boot.web.embedded.tomcat.TomcatWebServer.start:220 -Tomcat started on port(s): 8086 (http) with context path '/booksmanager'
2024-07-20 23:48:23.140 INFO [main]s.d.spring.web.plugins.DocumentationPluginsBootstrapper.start:160 -Context refreshed
2024-07-20 23:48:23.167 INFO [main]s.d.spring.web.plugins.DocumentationPluginsBootstrapper.start:163 -Found 1 custom documentation plugin(s)
2024-07-20 23:48:23.203 INFO [main]s.d.spring.web.scanners.ApiListingReferenceScanner.scan:41 -Scanning for api listing references
2024-07-20 23:48:23.329 INFO [main]s.d.s.w.readers.operation.CachingOperationNameGenerator.startingWith:40 -Generating unique operation named: findPageUsingGET_1
2024-07-20 23:48:23.342 INFO [main]s.d.s.w.readers.operation.CachingOperationNameGenerator.startingWith:40 -Generating unique operation named: deleteUsingDELETE_1
2024-07-20 23:48:23.346 INFO [main]s.d.s.w.readers.operation.CachingOperationNameGenerator.startingWith:40 -Generating unique operation named: deleteRecordUsingPOST_1
2024-07-20 23:48:23.350 INFO [main]s.d.s.w.readers.operation.CachingOperationNameGenerator.startingWith:40 -Generating unique operation named: deleteRecordsUsingPOST_1
2024-07-20 23:48:23.354 INFO [main]s.d.s.w.readers.operation.CachingOperationNameGenerator.startingWith:40 -Generating unique operation named: findPageUsingGET_2
2024-07-20 23:48:23.355 INFO [main]s.d.s.w.readers.operation.CachingOperationNameGenerator.startingWith:40 -Generating unique operation named: saveUsingPOST_1
2024-07-20 23:48:23.357 INFO [main]s.d.s.w.readers.operation.CachingOperationNameGenerator.startingWith:40 -Generating unique operation named: updateUsingPUT_1
2024-07-20 23:48:23.359 INFO [main]s.d.s.w.readers.operation.CachingOperationNameGenerator.startingWith:40 -Generating unique operation named: update2UsingPUT_1
2024-07-20 23:48:23.363 INFO [main]s.d.s.w.readers.operation.CachingOperationNameGenerator.startingWith:40 -Generating unique operation named: deleteBatchUsingPOST_1
2024-07-20 23:48:23.366 INFO [main]s.d.s.w.readers.operation.CachingOperationNameGenerator.startingWith:40 -Generating unique operation named: findPageUsingGET_3
2024-07-20 23:48:23.380 INFO [main]s.d.s.w.readers.operation.CachingOperationNameGenerator.startingWith:40 -Generating unique operation named: registerUsingPOST_1
2024-07-20 23:48:23.384 INFO [main]s.d.s.w.readers.operation.CachingOperationNameGenerator.startingWith:40 -Generating unique operation named: updateUsingPUT_2
2024-07-20 23:48:23.386 INFO [main]s.d.s.w.readers.operation.CachingOperationNameGenerator.startingWith:40 -Generating unique operation named: updateUsingPUT_3
2024-07-20 23:48:23.387 INFO [main]s.d.s.w.readers.operation.CachingOperationNameGenerator.startingWith:40 -Generating unique operation named: updateUsingPUT_4
2024-07-20 23:48:23.405 INFO [main]com.example.demo.AppStartApplication.logStarted:61 -Started AppStartApplication in 4.549 seconds (JVM running for 4.913)
2024-07-20 23:48:27.374 INFO [http-nio-8086-exec-1]o.a.c.c.C.[Tomcat].[localhost].[/booksmanager].log:173 -Initializing Spring DispatcherServlet 'dispatcherServlet'
2024-07-20 23:48:27.375 INFO [http-nio-8086-exec-1]org.springframework.web.servlet.DispatcherServlet.initServletBean:525 -Initializing Servlet 'dispatcherServlet'
2024-07-20 23:48:27.376 INFO [http-nio-8086-exec-1]org.springframework.web.servlet.DispatcherServlet.initServletBean:547 -Completed initialization in 1 ms
2024-07-20 23:50:04.958 INFO [main]com.example.demo.AppStartApplication.logStarting:55 -Starting AppStartApplication using Java 1.8.0_351 on wqq875620 with PID 3736 (D:\project\tumanager\Library-Management-System-master\SpringBoot\target\classes started by 86188 in D:\project\tumanager\Library-Management-System-master\SpringBoot)
2024-07-20 23:50:04.961 INFO [main]com.example.demo.AppStartApplication.logStartupProfileInfo:639 -The following profiles are active: dev
2024-07-20 23:50:05.685 INFO [main]o.s.d.repository.config.RepositoryConfigurationDelegate.multipleStoresDetected:262 -Multiple Spring Data modules found, entering strict repository configuration mode!
2024-07-20 23:50:05.687 INFO [main]o.s.d.repository.config.RepositoryConfigurationDelegate.registerRepositoriesIn:132 -Bootstrapping Spring Data Redis repositories in DEFAULT mode.
2024-07-20 23:50:05.708 INFO [main]o.s.d.repository.config.RepositoryConfigurationDelegate.registerRepositoriesIn:201 -Finished Spring Data repository scanning in 9 ms. Found 0 Redis repository interfaces.
2024-07-20 23:50:06.546 INFO [main]o.s.boot.web.embedded.tomcat.TomcatWebServer.initialize:108 -Tomcat initialized with port(s): 8086 (http)
2024-07-20 23:50:06.555 INFO [main]org.apache.coyote.http11.Http11NioProtocol.log:173 -Initializing ProtocolHandler ["http-nio-8086"]
2024-07-20 23:50:06.556 INFO [main]org.apache.catalina.core.StandardService.log:173 -Starting service [Tomcat]
2024-07-20 23:50:06.556 INFO [main]org.apache.catalina.core.StandardEngine.log:173 -Starting Servlet engine: [Apache Tomcat/9.0.55]
2024-07-20 23:50:06.627 INFO [main]o.a.c.c.C.[Tomcat].[localhost].[/booksmanager].log:173 -Initializing Spring embedded WebApplicationContext
2024-07-20 23:50:06.627 INFO [main]o.s.b.w.s.context.ServletWebServerApplicationContext.prepareWebApplicationContext:290 -Root WebApplicationContext: initialization completed in 1621 ms
2024-07-20 23:50:08.164 INFO [main]s.d.s.web.PropertySourcedRequestMappingHandlerMapping.initHandlerMethods:69 -Mapped URL path [/v2/api-docs] onto method [springfox.documentation.swagger2.web.Swagger2Controller#getDocumentation(String, HttpServletRequest)]
2024-07-20 23:50:08.610 INFO [main]org.apache.coyote.http11.Http11NioProtocol.log:173 -Starting ProtocolHandler ["http-nio-8086"]
2024-07-20 23:50:08.631 INFO [main]o.s.boot.web.embedded.tomcat.TomcatWebServer.start:220 -Tomcat started on port(s): 8086 (http) with context path '/booksmanager'
2024-07-20 23:50:08.632 INFO [main]s.d.spring.web.plugins.DocumentationPluginsBootstrapper.start:160 -Context refreshed
2024-07-20 23:50:08.652 INFO [main]s.d.spring.web.plugins.DocumentationPluginsBootstrapper.start:163 -Found 1 custom documentation plugin(s)
2024-07-20 23:50:08.685 INFO [main]s.d.spring.web.scanners.ApiListingReferenceScanner.scan:41 -Scanning for api listing references
2024-07-20 23:50:08.807 INFO [main]s.d.s.w.readers.operation.CachingOperationNameGenerator.startingWith:40 -Generating unique operation named: findPageUsingGET_1
2024-07-20 23:50:08.815 INFO [main]s.d.s.w.readers.operation.CachingOperationNameGenerator.startingWith:40 -Generating unique operation named: deleteUsingDELETE_1
2024-07-20 23:50:08.819 INFO [main]s.d.s.w.readers.operation.CachingOperationNameGenerator.startingWith:40 -Generating unique operation named: deleteRecordUsingPOST_1
2024-07-20 23:50:08.821 INFO [main]s.d.s.w.readers.operation.CachingOperationNameGenerator.startingWith:40 -Generating unique operation named: deleteRecordsUsingPOST_1
2024-07-20 23:50:08.824 INFO [main]s.d.s.w.readers.operation.CachingOperationNameGenerator.startingWith:40 -Generating unique operation named: findPageUsingGET_2
2024-07-20 23:50:08.825 INFO [main]s.d.s.w.readers.operation.CachingOperationNameGenerator.startingWith:40 -Generating unique operation named: saveUsingPOST_1
2024-07-20 23:50:08.827 INFO [main]s.d.s.w.readers.operation.CachingOperationNameGenerator.startingWith:40 -Generating unique operation named: updateUsingPUT_1
2024-07-20 23:50:08.831 INFO [main]s.d.s.w.readers.operation.CachingOperationNameGenerator.startingWith:40 -Generating unique operation named: update2UsingPUT_1
2024-07-20 23:50:08.834 INFO [main]s.d.s.w.readers.operation.CachingOperationNameGenerator.startingWith:40 -Generating unique operation named: deleteBatchUsingPOST_1
2024-07-20 23:50:08.838 INFO [main]s.d.s.w.readers.operation.CachingOperationNameGenerator.startingWith:40 -Generating unique operation named: findPageUsingGET_3
2024-07-20 23:50:08.852 INFO [main]s.d.s.w.readers.operation.CachingOperationNameGenerator.startingWith:40 -Generating unique operation named: registerUsingPOST_1
2024-07-20 23:50:08.857 INFO [main]s.d.s.w.readers.operation.CachingOperationNameGenerator.startingWith:40 -Generating unique operation named: updateUsingPUT_2
2024-07-20 23:50:08.859 INFO [main]s.d.s.w.readers.operation.CachingOperationNameGenerator.startingWith:40 -Generating unique operation named: updateUsingPUT_3
2024-07-20 23:50:08.860 INFO [main]s.d.s.w.readers.operation.CachingOperationNameGenerator.startingWith:40 -Generating unique operation named: updateUsingPUT_4
2024-07-20 23:50:08.877 INFO [main]com.example.demo.AppStartApplication.logStarted:61 -Started AppStartApplication in 4.383 seconds (JVM running for 4.756)
2024-07-20 23:50:21.348 INFO [http-nio-8086-exec-1]o.a.c.c.C.[Tomcat].[localhost].[/booksmanager].log:173 -Initializing Spring DispatcherServlet 'dispatcherServlet'
2024-07-20 23:50:21.349 INFO [http-nio-8086-exec-1]org.springframework.web.servlet.DispatcherServlet.initServletBean:525 -Initializing Servlet 'dispatcherServlet'
2024-07-20 23:50:21.351 INFO [http-nio-8086-exec-1]org.springframework.web.servlet.DispatcherServlet.initServletBean:547 -Completed initialization in 2 ms
2024-07-20 23:55:59.443 INFO [main]com.example.demo.AppStartApplication.logStarting:55 -Starting AppStartApplication using Java 1.8.0_351 on wqq875620 with PID 19688 (D:\project\tumanager\Library-Management-System-master\SpringBoot\target\classes started by 86188 in D:\project\tumanager\Library-Management-System-master\SpringBoot)
2024-07-20 23:55:59.447 INFO [main]com.example.demo.AppStartApplication.logStartupProfileInfo:639 -The following profiles are active: dev
2024-07-20 23:56:00.218 INFO [main]o.s.d.repository.config.RepositoryConfigurationDelegate.multipleStoresDetected:262 -Multiple Spring Data modules found, entering strict repository configuration mode!
2024-07-20 23:56:00.221 INFO [main]o.s.d.repository.config.RepositoryConfigurationDelegate.registerRepositoriesIn:132 -Bootstrapping Spring Data Redis repositories in DEFAULT mode.
2024-07-20 23:56:00.243 INFO [main]o.s.d.repository.config.RepositoryConfigurationDelegate.registerRepositoriesIn:201 -Finished Spring Data repository scanning in 9 ms. Found 0 Redis repository interfaces.
2024-07-20 23:56:01.104 INFO [main]o.s.boot.web.embedded.tomcat.TomcatWebServer.initialize:108 -Tomcat initialized with port(s): 8086 (http)
2024-07-20 23:56:01.112 INFO [main]org.apache.coyote.http11.Http11NioProtocol.log:173 -Initializing ProtocolHandler ["http-nio-8086"]
2024-07-20 23:56:01.112 INFO [main]org.apache.catalina.core.StandardService.log:173 -Starting service [Tomcat]
2024-07-20 23:56:01.112 INFO [main]org.apache.catalina.core.StandardEngine.log:173 -Starting Servlet engine: [Apache Tomcat/9.0.55]
2024-07-20 23:56:01.186 INFO [main]o.a.c.c.C.[Tomcat].[localhost].[/booksmanager].log:173 -Initializing Spring embedded WebApplicationContext
2024-07-20 23:56:01.186 INFO [main]o.s.b.w.s.context.ServletWebServerApplicationContext.prepareWebApplicationContext:290 -Root WebApplicationContext: initialization completed in 1691 ms
2024-07-20 23:56:02.810 INFO [main]s.d.s.web.PropertySourcedRequestMappingHandlerMapping.initHandlerMethods:69 -Mapped URL path [/v2/api-docs] onto method [springfox.documentation.swagger2.web.Swagger2Controller#getDocumentation(String, HttpServletRequest)]
2024-07-20 23:56:03.131 INFO [main]org.apache.coyote.http11.Http11NioProtocol.log:173 -Starting ProtocolHandler ["http-nio-8086"]
2024-07-20 23:56:03.151 INFO [main]o.s.boot.web.embedded.tomcat.TomcatWebServer.start:220 -Tomcat started on port(s): 8086 (http) with context path '/booksmanager'
2024-07-20 23:56:03.152 INFO [main]s.d.spring.web.plugins.DocumentationPluginsBootstrapper.start:160 -Context refreshed
2024-07-20 23:56:03.176 INFO [main]s.d.spring.web.plugins.DocumentationPluginsBootstrapper.start:163 -Found 1 custom documentation plugin(s)
2024-07-20 23:56:03.209 INFO [main]s.d.spring.web.scanners.ApiListingReferenceScanner.scan:41 -Scanning for api listing references
2024-07-20 23:56:03.306 INFO [http-nio-8086-exec-1]o.a.c.c.C.[Tomcat].[localhost].[/booksmanager].log:173 -Initializing Spring DispatcherServlet 'dispatcherServlet'
2024-07-20 23:56:03.307 INFO [http-nio-8086-exec-1]org.springframework.web.servlet.DispatcherServlet.initServletBean:525 -Initializing Servlet 'dispatcherServlet'
2024-07-20 23:56:03.308 INFO [http-nio-8086-exec-1]org.springframework.web.servlet.DispatcherServlet.initServletBean:547 -Completed initialization in 1 ms
2024-07-20 23:56:03.348 INFO [main]s.d.s.w.readers.operation.CachingOperationNameGenerator.startingWith:40 -Generating unique operation named: findPageUsingGET_1
2024-07-20 23:56:03.363 INFO [main]s.d.s.w.readers.operation.CachingOperationNameGenerator.startingWith:40 -Generating unique operation named: deleteUsingDELETE_1
2024-07-20 23:56:03.368 INFO [main]s.d.s.w.readers.operation.CachingOperationNameGenerator.startingWith:40 -Generating unique operation named: deleteRecordUsingPOST_1
2024-07-20 23:56:03.371 INFO [main]s.d.s.w.readers.operation.CachingOperationNameGenerator.startingWith:40 -Generating unique operation named: deleteRecordsUsingPOST_1
2024-07-20 23:56:03.376 INFO [main]s.d.s.w.readers.operation.CachingOperationNameGenerator.startingWith:40 -Generating unique operation named: findPageUsingGET_2
2024-07-20 23:56:03.378 INFO [main]s.d.s.w.readers.operation.CachingOperationNameGenerator.startingWith:40 -Generating unique operation named: saveUsingPOST_1
2024-07-20 23:56:03.379 INFO [main]s.d.s.w.readers.operation.CachingOperationNameGenerator.startingWith:40 -Generating unique operation named: updateUsingPUT_1
2024-07-20 23:56:03.384 INFO [main]s.d.s.w.readers.operation.CachingOperationNameGenerator.startingWith:40 -Generating unique operation named: update2UsingPUT_1
2024-07-20 23:56:03.390 INFO [main]s.d.s.w.readers.operation.CachingOperationNameGenerator.startingWith:40 -Generating unique operation named: deleteBatchUsingPOST_1
2024-07-20 23:56:03.394 INFO [main]s.d.s.w.readers.operation.CachingOperationNameGenerator.startingWith:40 -Generating unique operation named: findPageUsingGET_3
2024-07-20 23:56:03.413 INFO [main]s.d.s.w.readers.operation.CachingOperationNameGenerator.startingWith:40 -Generating unique operation named: registerUsingPOST_1
2024-07-20 23:56:03.417 INFO [main]s.d.s.w.readers.operation.CachingOperationNameGenerator.startingWith:40 -Generating unique operation named: updateUsingPUT_2
2024-07-20 23:56:03.420 INFO [main]s.d.s.w.readers.operation.CachingOperationNameGenerator.startingWith:40 -Generating unique operation named: updateUsingPUT_3
2024-07-20 23:56:03.423 INFO [main]s.d.s.w.readers.operation.CachingOperationNameGenerator.startingWith:40 -Generating unique operation named: updateUsingPUT_4
2024-07-20 23:56:03.447 INFO [main]com.example.demo.AppStartApplication.logStarted:61 -Started AppStartApplication in 4.51 seconds (JVM running for 4.895)
